{"/mnt/c/obychenie/frontend-project-46/bin/getDiff.js": {"path":"/mnt/c/obychenie/frontend-project-46/bin/getDiff.js","all":false,"statementMap":{"0":{"start":{"line":1,"column":0},"end":{"line":1,"column":0}},"1":{"start":{"line":2,"column":0},"end":{"line":2,"column":23}},"2":{"start":{"line":3,"column":0},"end":{"line":3,"column":0}},"3":{"start":{"line":4,"column":0},"end":{"line":4,"column":35}},"4":{"start":{"line":5,"column":0},"end":{"line":5,"column":34}},"5":{"start":{"line":6,"column":0},"end":{"line":6,"column":35}},"6":{"start":{"line":7,"column":0},"end":{"line":7,"column":48}},"7":{"start":{"line":8,"column":0},"end":{"line":8,"column":0}},"8":{"start":{"line":9,"column":0},"end":{"line":9,"column":38}},"9":{"start":{"line":10,"column":0},"end":{"line":10,"column":29}},"10":{"start":{"line":11,"column":0},"end":{"line":11,"column":65}},"11":{"start":{"line":12,"column":0},"end":{"line":12,"column":5}},"12":{"start":{"line":13,"column":0},"end":{"line":13,"column":29}},"13":{"start":{"line":14,"column":0},"end":{"line":14,"column":67}},"14":{"start":{"line":15,"column":0},"end":{"line":15,"column":5}},"15":{"start":{"line":16,"column":0},"end":{"line":16,"column":59}},"16":{"start":{"line":17,"column":0},"end":{"line":17,"column":89}},"17":{"start":{"line":18,"column":0},"end":{"line":18,"column":5}},"18":{"start":{"line":19,"column":0},"end":{"line":19,"column":36}},"19":{"start":{"line":20,"column":0},"end":{"line":20,"column":14}},"20":{"start":{"line":21,"column":0},"end":{"line":21,"column":78}},"21":{"start":{"line":22,"column":0},"end":{"line":22,"column":8}},"22":{"start":{"line":23,"column":0},"end":{"line":23,"column":5}},"23":{"start":{"line":24,"column":0},"end":{"line":24,"column":66}},"24":{"start":{"line":25,"column":0},"end":{"line":25,"column":5}},"25":{"start":{"line":26,"column":0},"end":{"line":26,"column":16}},"26":{"start":{"line":27,"column":0},"end":{"line":27,"column":2}},"27":{"start":{"line":28,"column":0},"end":{"line":28,"column":23}}},"s":{"0":1,"1":1,"2":1,"3":1,"4":5,"5":5,"6":5,"7":5,"8":5,"9":18,"10":5,"11":5,"12":18,"13":2,"14":2,"15":18,"16":4,"17":4,"18":18,"19":4,"20":4,"21":4,"22":4,"23":3,"24":5,"25":5,"26":5,"27":1},"branchMap":{"0":{"type":"branch","line":4,"loc":{"start":{"line":4,"column":16},"end":{"line":27,"column":2}},"locations":[{"start":{"line":4,"column":16},"end":{"line":27,"column":2}}]},"1":{"type":"branch","line":9,"loc":{"start":{"line":9,"column":29},"end":{"line":25,"column":3}},"locations":[{"start":{"line":9,"column":29},"end":{"line":25,"column":3}}]},"2":{"type":"branch","line":10,"loc":{"start":{"line":10,"column":28},"end":{"line":12,"column":5}},"locations":[{"start":{"line":10,"column":28},"end":{"line":12,"column":5}}]},"3":{"type":"branch","line":12,"loc":{"start":{"line":12,"column":4},"end":{"line":13,"column":28}},"locations":[{"start":{"line":12,"column":4},"end":{"line":13,"column":28}}]},"4":{"type":"branch","line":13,"loc":{"start":{"line":13,"column":28},"end":{"line":15,"column":5}},"locations":[{"start":{"line":13,"column":28},"end":{"line":15,"column":5}}]},"5":{"type":"branch","line":15,"loc":{"start":{"line":15,"column":4},"end":{"line":16,"column":34}},"locations":[{"start":{"line":15,"column":4},"end":{"line":16,"column":34}}]},"6":{"type":"branch","line":16,"loc":{"start":{"line":16,"column":30},"end":{"line":16,"column":56}},"locations":[{"start":{"line":16,"column":30},"end":{"line":16,"column":56}}]},"7":{"type":"branch","line":16,"loc":{"start":{"line":16,"column":58},"end":{"line":18,"column":5}},"locations":[{"start":{"line":16,"column":58},"end":{"line":18,"column":5}}]},"8":{"type":"branch","line":18,"loc":{"start":{"line":18,"column":4},"end":{"line":19,"column":35}},"locations":[{"start":{"line":18,"column":4},"end":{"line":19,"column":35}}]},"9":{"type":"branch","line":19,"loc":{"start":{"line":19,"column":35},"end":{"line":23,"column":5}},"locations":[{"start":{"line":19,"column":35},"end":{"line":23,"column":5}}]},"10":{"type":"branch","line":23,"loc":{"start":{"line":23,"column":4},"end":{"line":25,"column":3}},"locations":[{"start":{"line":23,"column":4},"end":{"line":25,"column":3}}]}},"b":{"0":[5],"1":[18],"2":[5],"3":[13],"4":[2],"5":[11],"6":[5],"7":[4],"8":[7],"9":[4],"10":[3]},"fnMap":{"0":{"name":"getDiff","decl":{"start":{"line":4,"column":16},"end":{"line":27,"column":2}},"loc":{"start":{"line":4,"column":16},"end":{"line":27,"column":2}},"line":4}},"f":{"0":5}}
,"/mnt/c/obychenie/frontend-project-46/bin/parser.js": {"path":"/mnt/c/obychenie/frontend-project-46/bin/parser.js","all":false,"statementMap":{"0":{"start":{"line":1,"column":0},"end":{"line":1,"column":29}},"1":{"start":{"line":2,"column":0},"end":{"line":2,"column":25}},"2":{"start":{"line":3,"column":0},"end":{"line":3,"column":32}},"3":{"start":{"line":4,"column":0},"end":{"line":4,"column":0}},"4":{"start":{"line":5,"column":0},"end":{"line":5,"column":42}},"5":{"start":{"line":6,"column":0},"end":{"line":6,"column":58}},"6":{"start":{"line":7,"column":0},"end":{"line":7,"column":59}},"7":{"start":{"line":8,"column":0},"end":{"line":8,"column":42}},"8":{"start":{"line":9,"column":0},"end":{"line":9,"column":42}},"9":{"start":{"line":10,"column":0},"end":{"line":10,"column":51}},"10":{"start":{"line":11,"column":0},"end":{"line":11,"column":92}},"11":{"start":{"line":12,"column":0},"end":{"line":12,"column":3}},"12":{"start":{"line":13,"column":0},"end":{"line":13,"column":99}},"13":{"start":{"line":14,"column":0},"end":{"line":14,"column":90}},"14":{"start":{"line":15,"column":0},"end":{"line":15,"column":3}},"15":{"start":{"line":16,"column":0},"end":{"line":16,"column":25}},"16":{"start":{"line":17,"column":0},"end":{"line":17,"column":2}},"17":{"start":{"line":18,"column":0},"end":{"line":18,"column":22}}},"s":{"0":1,"1":1,"2":1,"3":1,"4":1,"5":2,"6":2,"7":2,"8":2,"9":2,"10":1,"11":1,"12":2,"13":0,"14":0,"15":1,"16":1,"17":1},"branchMap":{"0":{"type":"branch","line":5,"loc":{"start":{"line":5,"column":15},"end":{"line":17,"column":2}},"locations":[{"start":{"line":5,"column":15},"end":{"line":17,"column":2}}]},"1":{"type":"branch","line":10,"loc":{"start":{"line":10,"column":50},"end":{"line":13,"column":30}},"locations":[{"start":{"line":10,"column":50},"end":{"line":13,"column":30}}]},"2":{"type":"branch","line":13,"loc":{"start":{"line":13,"column":26},"end":{"line":13,"column":49}},"locations":[{"start":{"line":13,"column":26},"end":{"line":13,"column":49}}]},"3":{"type":"branch","line":13,"loc":{"start":{"line":13,"column":49},"end":{"line":13,"column":96}},"locations":[{"start":{"line":13,"column":49},"end":{"line":13,"column":96}}]},"4":{"type":"branch","line":13,"loc":{"start":{"line":13,"column":73},"end":{"line":13,"column":96}},"locations":[{"start":{"line":13,"column":73},"end":{"line":13,"column":96}}]},"5":{"type":"branch","line":13,"loc":{"start":{"line":13,"column":98},"end":{"line":15,"column":3}},"locations":[{"start":{"line":13,"column":98},"end":{"line":15,"column":3}}]},"6":{"type":"branch","line":15,"loc":{"start":{"line":15,"column":2},"end":{"line":17,"column":2}},"locations":[{"start":{"line":15,"column":2},"end":{"line":17,"column":2}}]}},"b":{"0":[2],"1":[1],"2":[0],"3":[1],"4":[0],"5":[0],"6":[1]},"fnMap":{"0":{"name":"parser","decl":{"start":{"line":5,"column":15},"end":{"line":17,"column":2}},"loc":{"start":{"line":5,"column":15},"end":{"line":17,"column":2}},"line":5}},"f":{"0":2}}
,"/mnt/c/obychenie/frontend-project-46/formatters/JSON.js": {"path":"/mnt/c/obychenie/frontend-project-46/formatters/JSON.js","all":false,"statementMap":{"0":{"start":{"line":1,"column":0},"end":{"line":1,"column":24}},"1":{"start":{"line":2,"column":0},"end":{"line":2,"column":38}},"2":{"start":{"line":3,"column":0},"end":{"line":3,"column":16}},"3":{"start":{"line":4,"column":0},"end":{"line":4,"column":2}},"4":{"start":{"line":5,"column":0},"end":{"line":5,"column":20}}},"s":{"0":1,"1":1,"2":1,"3":1,"4":1},"branchMap":{"0":{"type":"branch","line":1,"loc":{"start":{"line":1,"column":14},"end":{"line":4,"column":2}},"locations":[{"start":{"line":1,"column":14},"end":{"line":4,"column":2}}]}},"b":{"0":[1]},"fnMap":{"0":{"name":"json","decl":{"start":{"line":1,"column":14},"end":{"line":4,"column":2}},"loc":{"start":{"line":1,"column":14},"end":{"line":4,"column":2}},"line":1}},"f":{"0":1}}
,"/mnt/c/obychenie/frontend-project-46/formatters/plain.js": {"path":"/mnt/c/obychenie/frontend-project-46/formatters/plain.js","all":false,"statementMap":{"0":{"start":{"line":1,"column":0},"end":{"line":1,"column":23}},"1":{"start":{"line":2,"column":0},"end":{"line":2,"column":0}},"2":{"start":{"line":3,"column":0},"end":{"line":3,"column":31}},"3":{"start":{"line":4,"column":0},"end":{"line":4,"column":26}},"4":{"start":{"line":5,"column":0},"end":{"line":5,"column":29}},"5":{"start":{"line":6,"column":0},"end":{"line":6,"column":3}},"6":{"start":{"line":7,"column":0},"end":{"line":7,"column":26}},"7":{"start":{"line":8,"column":0},"end":{"line":8,"column":24}},"8":{"start":{"line":9,"column":0},"end":{"line":9,"column":3}},"9":{"start":{"line":10,"column":0},"end":{"line":10,"column":20}},"10":{"start":{"line":11,"column":0},"end":{"line":11,"column":2}},"11":{"start":{"line":12,"column":0},"end":{"line":12,"column":0}},"12":{"start":{"line":13,"column":0},"end":{"line":13,"column":25}},"13":{"start":{"line":14,"column":0},"end":{"line":14,"column":41}},"14":{"start":{"line":15,"column":0},"end":{"line":15,"column":30}},"15":{"start":{"line":16,"column":0},"end":{"line":16,"column":31}},"16":{"start":{"line":17,"column":0},"end":{"line":17,"column":66}},"17":{"start":{"line":18,"column":0},"end":{"line":18,"column":63}},"18":{"start":{"line":19,"column":0},"end":{"line":19,"column":33}},"19":{"start":{"line":20,"column":0},"end":{"line":20,"column":50}},"20":{"start":{"line":21,"column":0},"end":{"line":21,"column":5}},"21":{"start":{"line":22,"column":0},"end":{"line":22,"column":31}},"22":{"start":{"line":23,"column":0},"end":{"line":23,"column":87}},"23":{"start":{"line":24,"column":0},"end":{"line":24,"column":5}},"24":{"start":{"line":25,"column":0},"end":{"line":25,"column":33}},"25":{"start":{"line":26,"column":0},"end":{"line":26,"column":113}},"26":{"start":{"line":27,"column":0},"end":{"line":27,"column":5}},"27":{"start":{"line":28,"column":0},"end":{"line":28,"column":32}},"28":{"start":{"line":29,"column":0},"end":{"line":29,"column":74}},"29":{"start":{"line":30,"column":0},"end":{"line":30,"column":33}},"30":{"start":{"line":31,"column":0},"end":{"line":31,"column":5}},"31":{"start":{"line":32,"column":0},"end":{"line":32,"column":14}},"32":{"start":{"line":33,"column":0},"end":{"line":33,"column":4}},"33":{"start":{"line":34,"column":0},"end":{"line":34,"column":57}},"34":{"start":{"line":35,"column":0},"end":{"line":35,"column":51}},"35":{"start":{"line":36,"column":0},"end":{"line":36,"column":22}},"36":{"start":{"line":37,"column":0},"end":{"line":37,"column":2}},"37":{"start":{"line":38,"column":0},"end":{"line":38,"column":21}}},"s":{"0":1,"1":1,"2":1,"3":13,"4":3,"5":3,"6":13,"7":7,"8":7,"9":3,"10":3,"11":1,"12":1,"13":1,"14":18,"15":18,"16":18,"17":18,"18":18,"19":2,"20":2,"21":18,"22":5,"23":5,"24":18,"25":4,"26":4,"27":18,"28":4,"29":4,"30":4,"31":3,"32":1,"33":1,"34":1,"35":1,"36":1,"37":1},"branchMap":{"0":{"type":"branch","line":3,"loc":{"start":{"line":3,"column":20},"end":{"line":11,"column":2}},"locations":[{"start":{"line":3,"column":20},"end":{"line":11,"column":2}}]},"1":{"type":"branch","line":4,"loc":{"start":{"line":4,"column":25},"end":{"line":6,"column":3}},"locations":[{"start":{"line":4,"column":25},"end":{"line":6,"column":3}}]},"2":{"type":"branch","line":6,"loc":{"start":{"line":6,"column":2},"end":{"line":7,"column":25}},"locations":[{"start":{"line":6,"column":2},"end":{"line":7,"column":25}}]},"3":{"type":"branch","line":7,"loc":{"start":{"line":7,"column":25},"end":{"line":9,"column":3}},"locations":[{"start":{"line":7,"column":25},"end":{"line":9,"column":3}}]},"4":{"type":"branch","line":9,"loc":{"start":{"line":9,"column":2},"end":{"line":11,"column":2}},"locations":[{"start":{"line":9,"column":2},"end":{"line":11,"column":2}}]},"5":{"type":"branch","line":13,"loc":{"start":{"line":13,"column":15},"end":{"line":37,"column":2}},"locations":[{"start":{"line":13,"column":15},"end":{"line":37,"column":2}}]},"6":{"type":"branch","line":14,"loc":{"start":{"line":14,"column":15},"end":{"line":33,"column":3}},"locations":[{"start":{"line":14,"column":15},"end":{"line":33,"column":3}}]},"7":{"type":"branch","line":17,"loc":{"start":{"line":17,"column":29},"end":{"line":17,"column":53}},"locations":[{"start":{"line":17,"column":29},"end":{"line":17,"column":53}}]},"8":{"type":"branch","line":17,"loc":{"start":{"line":17,"column":53},"end":{"line":17,"column":65}},"locations":[{"start":{"line":17,"column":53},"end":{"line":17,"column":65}}]},"9":{"type":"branch","line":19,"loc":{"start":{"line":19,"column":32},"end":{"line":21,"column":5}},"locations":[{"start":{"line":19,"column":32},"end":{"line":21,"column":5}}]},"10":{"type":"branch","line":21,"loc":{"start":{"line":21,"column":4},"end":{"line":22,"column":30}},"locations":[{"start":{"line":21,"column":4},"end":{"line":22,"column":30}}]},"11":{"type":"branch","line":22,"loc":{"start":{"line":22,"column":30},"end":{"line":24,"column":5}},"locations":[{"start":{"line":22,"column":30},"end":{"line":24,"column":5}}]},"12":{"type":"branch","line":24,"loc":{"start":{"line":24,"column":4},"end":{"line":25,"column":32}},"locations":[{"start":{"line":24,"column":4},"end":{"line":25,"column":32}}]},"13":{"type":"branch","line":25,"loc":{"start":{"line":25,"column":32},"end":{"line":27,"column":5}},"locations":[{"start":{"line":25,"column":32},"end":{"line":27,"column":5}}]},"14":{"type":"branch","line":27,"loc":{"start":{"line":27,"column":4},"end":{"line":28,"column":31}},"locations":[{"start":{"line":27,"column":4},"end":{"line":28,"column":31}}]},"15":{"type":"branch","line":28,"loc":{"start":{"line":28,"column":31},"end":{"line":31,"column":5}},"locations":[{"start":{"line":28,"column":31},"end":{"line":31,"column":5}}]},"16":{"type":"branch","line":31,"loc":{"start":{"line":31,"column":4},"end":{"line":33,"column":3}},"locations":[{"start":{"line":31,"column":4},"end":{"line":33,"column":3}}]},"17":{"type":"branch","line":29,"loc":{"start":{"line":29,"column":41},"end":{"line":29,"column":72}},"locations":[{"start":{"line":29,"column":41},"end":{"line":29,"column":72}}]},"18":{"type":"branch","line":34,"loc":{"start":{"line":34,"column":36},"end":{"line":34,"column":55}},"locations":[{"start":{"line":34,"column":36},"end":{"line":34,"column":55}}]}},"b":{"0":[13],"1":[3],"2":[10],"3":[7],"4":[3],"5":[1],"6":[18],"7":[14],"8":[4],"9":[2],"10":[16],"11":[5],"12":[11],"13":[4],"14":[7],"15":[4],"16":[3],"17":[14],"18":[4]},"fnMap":{"0":{"name":"isAnObject","decl":{"start":{"line":3,"column":20},"end":{"line":11,"column":2}},"loc":{"start":{"line":3,"column":20},"end":{"line":11,"column":2}},"line":3},"1":{"name":"plain","decl":{"start":{"line":13,"column":15},"end":{"line":37,"column":2}},"loc":{"start":{"line":13,"column":15},"end":{"line":37,"column":2}},"line":13},"2":{"name":"iter","decl":{"start":{"line":14,"column":15},"end":{"line":33,"column":3}},"loc":{"start":{"line":14,"column":15},"end":{"line":33,"column":3}},"line":14}},"f":{"0":13,"1":1,"2":18}}
,"/mnt/c/obychenie/frontend-project-46/formatters/stylish.js": {"path":"/mnt/c/obychenie/frontend-project-46/formatters/stylish.js","all":false,"statementMap":{"0":{"start":{"line":1,"column":0},"end":{"line":1,"column":23}},"1":{"start":{"line":2,"column":0},"end":{"line":2,"column":0}},"2":{"start":{"line":3,"column":0},"end":{"line":3,"column":22}},"3":{"start":{"line":4,"column":0},"end":{"line":4,"column":65}},"4":{"start":{"line":5,"column":0},"end":{"line":5,"column":0}},"5":{"start":{"line":6,"column":0},"end":{"line":6,"column":39}},"6":{"start":{"line":7,"column":0},"end":{"line":7,"column":22}},"7":{"start":{"line":8,"column":0},"end":{"line":8,"column":21}},"8":{"start":{"line":9,"column":0},"end":{"line":9,"column":3}},"9":{"start":{"line":10,"column":0},"end":{"line":10,"column":33}},"10":{"start":{"line":11,"column":0},"end":{"line":11,"column":146}},"11":{"start":{"line":12,"column":0},"end":{"line":12,"column":73}},"12":{"start":{"line":13,"column":0},"end":{"line":13,"column":3}},"13":{"start":{"line":14,"column":0},"end":{"line":14,"column":19}},"14":{"start":{"line":15,"column":0},"end":{"line":15,"column":2}},"15":{"start":{"line":16,"column":0},"end":{"line":16,"column":0}},"16":{"start":{"line":17,"column":0},"end":{"line":17,"column":25}},"17":{"start":{"line":18,"column":0},"end":{"line":18,"column":33}},"18":{"start":{"line":19,"column":0},"end":{"line":19,"column":30}},"19":{"start":{"line":20,"column":0},"end":{"line":20,"column":31}},"20":{"start":{"line":21,"column":0},"end":{"line":21,"column":0}},"21":{"start":{"line":22,"column":0},"end":{"line":22,"column":33}},"22":{"start":{"line":23,"column":0},"end":{"line":23,"column":81}},"23":{"start":{"line":24,"column":0},"end":{"line":24,"column":5}},"24":{"start":{"line":25,"column":0},"end":{"line":25,"column":31}},"25":{"start":{"line":26,"column":0},"end":{"line":26,"column":81}},"26":{"start":{"line":27,"column":0},"end":{"line":27,"column":5}},"27":{"start":{"line":28,"column":0},"end":{"line":28,"column":33}},"28":{"start":{"line":29,"column":0},"end":{"line":29,"column":87}},"29":{"start":{"line":30,"column":0},"end":{"line":30,"column":87}},"30":{"start":{"line":31,"column":0},"end":{"line":31,"column":26}},"31":{"start":{"line":32,"column":0},"end":{"line":32,"column":5}},"32":{"start":{"line":33,"column":0},"end":{"line":33,"column":32}},"33":{"start":{"line":34,"column":0},"end":{"line":34,"column":75}},"34":{"start":{"line":35,"column":0},"end":{"line":35,"column":90}},"35":{"start":{"line":36,"column":0},"end":{"line":36,"column":5}},"36":{"start":{"line":37,"column":0},"end":{"line":37,"column":57}},"37":{"start":{"line":38,"column":0},"end":{"line":38,"column":4}},"38":{"start":{"line":39,"column":0},"end":{"line":39,"column":60}},"39":{"start":{"line":40,"column":0},"end":{"line":40,"column":57}},"40":{"start":{"line":41,"column":0},"end":{"line":41,"column":22}},"41":{"start":{"line":42,"column":0},"end":{"line":42,"column":2}},"42":{"start":{"line":43,"column":0},"end":{"line":43,"column":21}}},"s":{"0":1,"1":1,"2":1,"3":1,"4":1,"5":1,"6":24,"7":1,"8":1,"9":24,"10":7,"11":7,"12":7,"13":16,"14":16,"15":1,"16":1,"17":1,"18":18,"19":18,"20":18,"21":18,"22":2,"23":2,"24":18,"25":5,"26":5,"27":18,"28":4,"29":4,"30":4,"31":4,"32":18,"33":4,"34":4,"35":4,"36":3,"37":1,"38":1,"39":1,"40":1,"41":1,"42":1},"branchMap":{"0":{"type":"branch","line":4,"loc":{"start":{"line":4,"column":19},"end":{"line":4,"column":64}},"locations":[{"start":{"line":4,"column":19},"end":{"line":4,"column":64}}]},"1":{"type":"branch","line":6,"loc":{"start":{"line":6,"column":21},"end":{"line":15,"column":2}},"locations":[{"start":{"line":6,"column":21},"end":{"line":15,"column":2}}]},"2":{"type":"branch","line":7,"loc":{"start":{"line":7,"column":21},"end":{"line":9,"column":3}},"locations":[{"start":{"line":7,"column":21},"end":{"line":9,"column":3}}]},"3":{"type":"branch","line":9,"loc":{"start":{"line":9,"column":2},"end":{"line":10,"column":32}},"locations":[{"start":{"line":9,"column":2},"end":{"line":10,"column":32}}]},"4":{"type":"branch","line":10,"loc":{"start":{"line":10,"column":32},"end":{"line":13,"column":3}},"locations":[{"start":{"line":10,"column":32},"end":{"line":13,"column":3}}]},"5":{"type":"branch","line":13,"loc":{"start":{"line":13,"column":2},"end":{"line":15,"column":2}},"locations":[{"start":{"line":13,"column":2},"end":{"line":15,"column":2}}]},"6":{"type":"branch","line":11,"loc":{"start":{"line":11,"column":43},"end":{"line":11,"column":144}},"locations":[{"start":{"line":11,"column":43},"end":{"line":11,"column":144}}]},"7":{"type":"branch","line":17,"loc":{"start":{"line":17,"column":15},"end":{"line":42,"column":2}},"locations":[{"start":{"line":17,"column":15},"end":{"line":42,"column":2}}]},"8":{"type":"branch","line":18,"loc":{"start":{"line":18,"column":15},"end":{"line":38,"column":3}},"locations":[{"start":{"line":18,"column":15},"end":{"line":38,"column":3}}]},"9":{"type":"branch","line":22,"loc":{"start":{"line":22,"column":32},"end":{"line":24,"column":5}},"locations":[{"start":{"line":22,"column":32},"end":{"line":24,"column":5}}]},"10":{"type":"branch","line":24,"loc":{"start":{"line":24,"column":4},"end":{"line":25,"column":30}},"locations":[{"start":{"line":24,"column":4},"end":{"line":25,"column":30}}]},"11":{"type":"branch","line":25,"loc":{"start":{"line":25,"column":30},"end":{"line":27,"column":5}},"locations":[{"start":{"line":25,"column":30},"end":{"line":27,"column":5}}]},"12":{"type":"branch","line":27,"loc":{"start":{"line":27,"column":4},"end":{"line":28,"column":32}},"locations":[{"start":{"line":27,"column":4},"end":{"line":28,"column":32}}]},"13":{"type":"branch","line":28,"loc":{"start":{"line":28,"column":32},"end":{"line":32,"column":5}},"locations":[{"start":{"line":28,"column":32},"end":{"line":32,"column":5}}]},"14":{"type":"branch","line":32,"loc":{"start":{"line":32,"column":4},"end":{"line":33,"column":31}},"locations":[{"start":{"line":32,"column":4},"end":{"line":33,"column":31}}]},"15":{"type":"branch","line":33,"loc":{"start":{"line":33,"column":31},"end":{"line":36,"column":5}},"locations":[{"start":{"line":33,"column":31},"end":{"line":36,"column":5}}]},"16":{"type":"branch","line":36,"loc":{"start":{"line":36,"column":4},"end":{"line":38,"column":3}},"locations":[{"start":{"line":36,"column":4},"end":{"line":38,"column":3}}]},"17":{"type":"branch","line":34,"loc":{"start":{"line":34,"column":41},"end":{"line":34,"column":73}},"locations":[{"start":{"line":34,"column":41},"end":{"line":34,"column":73}}]},"18":{"type":"branch","line":39,"loc":{"start":{"line":39,"column":36},"end":{"line":39,"column":58}},"locations":[{"start":{"line":39,"column":36},"end":{"line":39,"column":58}}]}},"b":{"0":[26],"1":[24],"2":[1],"3":[23],"4":[7],"5":[16],"6":[9],"7":[1],"8":[18],"9":[2],"10":[16],"11":[5],"12":[11],"13":[4],"14":[7],"15":[4],"16":[3],"17":[14],"18":[4]},"fnMap":{"0":{"name":"getIndent","decl":{"start":{"line":4,"column":19},"end":{"line":4,"column":64}},"loc":{"start":{"line":4,"column":19},"end":{"line":4,"column":64}},"line":4},"1":{"name":"objectObject","decl":{"start":{"line":6,"column":21},"end":{"line":15,"column":2}},"loc":{"start":{"line":6,"column":21},"end":{"line":15,"column":2}},"line":6},"2":{"name":"style","decl":{"start":{"line":17,"column":15},"end":{"line":42,"column":2}},"loc":{"start":{"line":17,"column":15},"end":{"line":42,"column":2}},"line":17},"3":{"name":"iter","decl":{"start":{"line":18,"column":15},"end":{"line":38,"column":3}},"loc":{"start":{"line":18,"column":15},"end":{"line":38,"column":3}},"line":18}},"f":{"0":26,"1":24,"2":1,"3":18}}
}
