{"/mnt/c/obychenie/frontend-project-46/bin/getDiff.js": {"path":"/mnt/c/obychenie/frontend-project-46/bin/getDiff.js","all":false,"statementMap":{"0":{"start":{"line":1,"column":0},"end":{"line":1,"column":23}},"1":{"start":{"line":2,"column":0},"end":{"line":2,"column":0}},"2":{"start":{"line":3,"column":0},"end":{"line":3,"column":35}},"3":{"start":{"line":4,"column":0},"end":{"line":4,"column":20}},"4":{"start":{"line":5,"column":0},"end":{"line":5,"column":34}},"5":{"start":{"line":6,"column":0},"end":{"line":6,"column":35}},"6":{"start":{"line":7,"column":0},"end":{"line":7,"column":48}},"7":{"start":{"line":8,"column":0},"end":{"line":8,"column":0}},"8":{"start":{"line":9,"column":0},"end":{"line":9,"column":29}},"9":{"start":{"line":10,"column":0},"end":{"line":10,"column":46}},"10":{"start":{"line":11,"column":0},"end":{"line":11,"column":46}},"11":{"start":{"line":12,"column":0},"end":{"line":12,"column":30}},"12":{"start":{"line":13,"column":0},"end":{"line":13,"column":48}},"13":{"start":{"line":14,"column":0},"end":{"line":14,"column":15}},"14":{"start":{"line":15,"column":0},"end":{"line":15,"column":5}},"15":{"start":{"line":16,"column":0},"end":{"line":16,"column":30}},"16":{"start":{"line":17,"column":0},"end":{"line":17,"column":48}},"17":{"start":{"line":18,"column":0},"end":{"line":18,"column":15}},"18":{"start":{"line":19,"column":0},"end":{"line":19,"column":5}},"19":{"start":{"line":20,"column":0},"end":{"line":20,"column":36}},"20":{"start":{"line":21,"column":0},"end":{"line":21,"column":48}},"21":{"start":{"line":22,"column":0},"end":{"line":22,"column":15}},"22":{"start":{"line":23,"column":0},"end":{"line":23,"column":12}},"23":{"start":{"line":24,"column":0},"end":{"line":24,"column":48}},"24":{"start":{"line":25,"column":0},"end":{"line":25,"column":48}},"25":{"start":{"line":26,"column":0},"end":{"line":26,"column":5}},"26":{"start":{"line":27,"column":0},"end":{"line":27,"column":3}},"27":{"start":{"line":28,"column":0},"end":{"line":28,"column":38}},"28":{"start":{"line":29,"column":0},"end":{"line":29,"column":2}},"29":{"start":{"line":30,"column":0},"end":{"line":30,"column":23}}},"s":{"0":1,"1":1,"2":1,"3":2,"4":2,"5":2,"6":2,"7":2,"8":2,"9":9,"10":9,"11":9,"12":2,"13":2,"14":2,"15":9,"16":1,"17":1,"18":1,"19":9,"20":5,"21":5,"22":9,"23":1,"24":1,"25":1,"26":9,"27":2,"28":2,"29":1},"branchMap":{"0":{"type":"branch","line":3,"loc":{"start":{"line":3,"column":16},"end":{"line":29,"column":2}},"locations":[{"start":{"line":3,"column":16},"end":{"line":29,"column":2}}]},"1":{"type":"branch","line":9,"loc":{"start":{"line":9,"column":28},"end":{"line":27,"column":3}},"locations":[{"start":{"line":9,"column":28},"end":{"line":27,"column":3}}]},"2":{"type":"branch","line":12,"loc":{"start":{"line":12,"column":15},"end":{"line":12,"column":27}},"locations":[{"start":{"line":12,"column":15},"end":{"line":12,"column":27}}]},"3":{"type":"branch","line":12,"loc":{"start":{"line":12,"column":29},"end":{"line":15,"column":5}},"locations":[{"start":{"line":12,"column":29},"end":{"line":15,"column":5}}]},"4":{"type":"branch","line":15,"loc":{"start":{"line":15,"column":4},"end":{"line":16,"column":20}},"locations":[{"start":{"line":15,"column":4},"end":{"line":16,"column":20}}]},"5":{"type":"branch","line":16,"loc":{"start":{"line":16,"column":16},"end":{"line":16,"column":27}},"locations":[{"start":{"line":16,"column":16},"end":{"line":16,"column":27}}]},"6":{"type":"branch","line":16,"loc":{"start":{"line":16,"column":29},"end":{"line":19,"column":5}},"locations":[{"start":{"line":16,"column":29},"end":{"line":19,"column":5}}]},"7":{"type":"branch","line":19,"loc":{"start":{"line":19,"column":4},"end":{"line":20,"column":35}},"locations":[{"start":{"line":19,"column":4},"end":{"line":20,"column":35}}]},"8":{"type":"branch","line":20,"loc":{"start":{"line":20,"column":35},"end":{"line":23,"column":5}},"locations":[{"start":{"line":20,"column":35},"end":{"line":23,"column":5}}]},"9":{"type":"branch","line":23,"loc":{"start":{"line":23,"column":5},"end":{"line":26,"column":5}},"locations":[{"start":{"line":23,"column":5},"end":{"line":26,"column":5}}]}},"b":{"0":[2],"1":[9],"2":[8],"3":[2],"4":[7],"5":[1],"6":[1],"7":[6],"8":[5],"9":[1]},"fnMap":{"0":{"name":"getDiff","decl":{"start":{"line":3,"column":16},"end":{"line":29,"column":2}},"loc":{"start":{"line":3,"column":16},"end":{"line":29,"column":2}},"line":3}},"f":{"0":2}}
,"/mnt/c/obychenie/frontend-project-46/bin/parser.js": {"path":"/mnt/c/obychenie/frontend-project-46/bin/parser.js","all":false,"statementMap":{"0":{"start":{"line":1,"column":0},"end":{"line":1,"column":29}},"1":{"start":{"line":2,"column":0},"end":{"line":2,"column":25}},"2":{"start":{"line":3,"column":0},"end":{"line":3,"column":32}},"3":{"start":{"line":4,"column":0},"end":{"line":4,"column":48}},"4":{"start":{"line":5,"column":0},"end":{"line":5,"column":23}},"5":{"start":{"line":6,"column":0},"end":{"line":6,"column":0}},"6":{"start":{"line":7,"column":0},"end":{"line":7,"column":42}},"7":{"start":{"line":8,"column":0},"end":{"line":8,"column":41}},"8":{"start":{"line":9,"column":0},"end":{"line":9,"column":42}},"9":{"start":{"line":10,"column":0},"end":{"line":10,"column":55}},"10":{"start":{"line":11,"column":0},"end":{"line":11,"column":57}},"11":{"start":{"line":12,"column":0},"end":{"line":12,"column":42}},"12":{"start":{"line":13,"column":0},"end":{"line":13,"column":42}},"13":{"start":{"line":14,"column":0},"end":{"line":14,"column":51}},"14":{"start":{"line":15,"column":0},"end":{"line":15,"column":92}},"15":{"start":{"line":16,"column":0},"end":{"line":16,"column":3}},"16":{"start":{"line":17,"column":0},"end":{"line":17,"column":51}},"17":{"start":{"line":18,"column":0},"end":{"line":18,"column":90}},"18":{"start":{"line":19,"column":0},"end":{"line":19,"column":3}},"19":{"start":{"line":20,"column":0},"end":{"line":20,"column":15}},"20":{"start":{"line":21,"column":0},"end":{"line":21,"column":2}},"21":{"start":{"line":22,"column":0},"end":{"line":22,"column":22}}},"s":{"0":1,"1":1,"2":1,"3":1,"4":1,"5":1,"6":1,"7":2,"8":2,"9":2,"10":2,"11":2,"12":2,"13":2,"14":1,"15":1,"16":2,"17":1,"18":1,"19":0,"20":0,"21":1},"branchMap":{"0":{"type":"branch","line":7,"loc":{"start":{"line":7,"column":15},"end":{"line":21,"column":2}},"locations":[{"start":{"line":7,"column":15},"end":{"line":21,"column":2}}]},"1":{"type":"branch","line":14,"loc":{"start":{"line":14,"column":25},"end":{"line":14,"column":48}},"locations":[{"start":{"line":14,"column":25},"end":{"line":14,"column":48}}]},"2":{"type":"branch","line":14,"loc":{"start":{"line":14,"column":50},"end":{"line":17,"column":48}},"locations":[{"start":{"line":14,"column":50},"end":{"line":17,"column":48}}]},"3":{"type":"branch","line":17,"loc":{"start":{"line":17,"column":50},"end":{"line":19,"column":3}},"locations":[{"start":{"line":17,"column":50},"end":{"line":19,"column":3}}]},"4":{"type":"branch","line":19,"loc":{"start":{"line":19,"column":2},"end":{"line":21,"column":2}},"locations":[{"start":{"line":19,"column":2},"end":{"line":21,"column":2}}]}},"b":{"0":[2],"1":[1],"2":[1],"3":[1],"4":[0]},"fnMap":{"0":{"name":"parser","decl":{"start":{"line":7,"column":15},"end":{"line":21,"column":2}},"loc":{"start":{"line":7,"column":15},"end":{"line":21,"column":2}},"line":7}},"f":{"0":2}}
}
