TN:
SF:bin/getDiff.js
FN:4,getDiff
FNF:1
FNH:1
FNDA:13,getDiff
DA:1,1
DA:2,1
DA:3,1
DA:4,1
DA:5,13
DA:6,13
DA:7,13
DA:8,13
DA:9,13
DA:10,35
DA:11,5
DA:12,5
DA:13,35
DA:14,2
DA:15,2
DA:16,35
DA:17,11
DA:18,11
DA:19,35
DA:20,4
DA:21,4
DA:22,4
DA:23,4
DA:24,13
DA:25,13
DA:26,13
DA:27,13
DA:28,1
LF:28
LH:28
BRDA:4,0,0,13
BRDA:9,1,0,35
BRDA:10,2,0,5
BRDA:12,3,0,30
BRDA:13,4,0,2
BRDA:15,5,0,28
BRDA:16,6,0,12
BRDA:16,7,0,11
BRDA:18,8,0,17
BRDA:19,9,0,4
BRDA:23,10,0,13
BRF:11
BRH:11
end_of_record
TN:
SF:bin/parser.js
FN:6,parser
FNF:1
FNH:1
FNDA:3,parser
DA:1,1
DA:2,1
DA:3,1
DA:4,1
DA:5,1
DA:6,1
DA:7,3
DA:8,3
DA:9,3
DA:10,3
DA:11,3
DA:12,3
DA:13,3
DA:14,1
DA:15,1
DA:16,3
DA:17,1
DA:18,1
DA:19,1
DA:20,1
DA:21,1
DA:22,1
DA:23,1
DA:24,1
LF:24
LH:24
BRDA:6,0,0,3
BRDA:13,1,0,2
BRDA:13,2,0,1
BRDA:15,3,0,2
BRDA:16,4,0,1
BRDA:16,5,0,1
BRDA:16,6,0,0
BRDA:16,7,0,1
BRF:8
BRH:7
end_of_record
TN:
SF:formatters/JSON.js
FN:1,json
FNF:1
FNH:1
FNDA:1,json
DA:1,1
DA:2,1
DA:3,1
DA:4,1
DA:5,1
LF:5
LH:5
BRDA:1,0,0,1
BRF:1
BRH:1
end_of_record
TN:
SF:formatters/plain.js
FN:3,isAnObject
FN:10,plain
FN:11,iter
FNF:3
FNH:3
FNDA:13,isAnObject
FNDA:1,plain
FNDA:18,iter
DA:1,1
DA:2,1
DA:3,1
DA:4,13
DA:5,3
DA:6,3
DA:7,10
DA:8,10
DA:9,1
DA:10,1
DA:11,1
DA:12,18
DA:13,18
DA:14,18
DA:15,18
DA:16,18
DA:17,2
DA:18,2
DA:19,18
DA:20,5
DA:21,5
DA:22,18
DA:23,4
DA:24,4
DA:25,18
DA:26,4
DA:27,4
DA:28,4
DA:29,3
DA:30,1
DA:31,1
DA:32,1
DA:33,1
DA:34,1
DA:35,1
LF:35
LH:35
BRDA:3,0,0,13
BRDA:4,1,0,3
BRDA:6,2,0,10
BRDA:10,3,0,1
BRDA:11,4,0,18
BRDA:14,5,0,14
BRDA:14,6,0,4
BRDA:16,7,0,2
BRDA:18,8,0,16
BRDA:19,9,0,5
BRDA:21,10,0,11
BRDA:22,11,0,4
BRDA:24,12,0,7
BRDA:25,13,0,4
BRDA:28,14,0,3
BRDA:26,15,0,14
BRDA:31,16,0,4
BRF:17
BRH:17
end_of_record
TN:
SF:formatters/stylish.js
FN:2,getIndent
FN:4,style
FN:5,iter
FNF:3
FNH:3
FNDA:26,getIndent
FNDA:1,style
FNDA:18,iter
DA:1,1
DA:2,1
DA:3,1
DA:4,1
DA:5,1
DA:6,18
DA:7,18
DA:8,18
DA:9,2
DA:10,2
DA:11,18
DA:12,5
DA:13,5
DA:14,18
DA:15,4
DA:16,4
DA:17,4
DA:18,4
DA:19,18
DA:20,4
DA:21,4
DA:22,4
DA:23,3
DA:24,1
DA:25,1
DA:26,1
DA:27,1
DA:28,1
DA:29,1
LF:29
LH:29
BRDA:2,0,0,26
BRDA:4,1,0,1
BRDA:5,2,0,18
BRDA:8,3,0,2
BRDA:10,4,0,16
BRDA:11,5,0,5
BRDA:13,6,0,11
BRDA:14,7,0,4
BRDA:18,8,0,7
BRDA:19,9,0,4
BRDA:22,10,0,3
BRDA:20,11,0,14
BRDA:25,12,0,4
BRF:13
BRH:13
end_of_record
