TN:
SF:bin/getDiff.js
FN:4,getDiff
FNF:1
FNH:1
FNDA:5,getDiff
DA:1,1
DA:2,1
DA:3,1
DA:4,1
DA:5,5
DA:6,5
DA:7,5
DA:8,5
DA:9,5
DA:10,18
DA:11,5
DA:12,5
DA:13,18
DA:14,2
DA:15,2
DA:16,18
DA:17,4
DA:18,4
DA:19,18
DA:20,4
DA:21,4
DA:22,4
DA:23,4
DA:24,3
DA:25,5
DA:26,5
DA:27,5
DA:28,1
LF:28
LH:28
BRDA:4,0,0,5
BRDA:9,1,0,18
BRDA:10,2,0,5
BRDA:12,3,0,13
BRDA:13,4,0,2
BRDA:15,5,0,11
BRDA:16,6,0,5
BRDA:16,7,0,4
BRDA:18,8,0,7
BRDA:19,9,0,4
BRDA:23,10,0,3
BRF:11
BRH:11
end_of_record
TN:
SF:bin/parser.js
FN:5,parser
FNF:1
FNH:1
FNDA:2,parser
DA:1,1
DA:2,1
DA:3,1
DA:4,1
DA:5,1
DA:6,2
DA:7,2
DA:8,2
DA:9,2
DA:10,2
DA:11,1
DA:12,1
DA:13,2
DA:14,0
DA:15,0
DA:16,1
DA:17,1
DA:18,1
LF:18
LH:16
BRDA:5,0,0,2
BRDA:10,1,0,1
BRDA:13,2,0,0
BRDA:13,3,0,1
BRDA:13,4,0,0
BRDA:13,5,0,0
BRDA:15,6,0,1
BRF:7
BRH:4
end_of_record
TN:
SF:formatters/JSON.js
FN:1,json
FNF:1
FNH:1
FNDA:1,json
DA:1,1
DA:2,1
DA:3,1
DA:4,1
DA:5,1
LF:5
LH:5
BRDA:1,0,0,1
BRF:1
BRH:1
end_of_record
TN:
SF:formatters/plain.js
FN:3,isAnObject
FN:13,plain
FN:14,iter
FNF:3
FNH:3
FNDA:13,isAnObject
FNDA:1,plain
FNDA:18,iter
DA:1,1
DA:2,1
DA:3,1
DA:4,13
DA:5,3
DA:6,3
DA:7,13
DA:8,7
DA:9,7
DA:10,3
DA:11,3
DA:12,1
DA:13,1
DA:14,1
DA:15,18
DA:16,18
DA:17,18
DA:18,18
DA:19,18
DA:20,2
DA:21,2
DA:22,18
DA:23,5
DA:24,5
DA:25,18
DA:26,4
DA:27,4
DA:28,18
DA:29,4
DA:30,4
DA:31,4
DA:32,3
DA:33,1
DA:34,1
DA:35,1
DA:36,1
DA:37,1
DA:38,1
LF:38
LH:38
BRDA:3,0,0,13
BRDA:4,1,0,3
BRDA:6,2,0,10
BRDA:7,3,0,7
BRDA:9,4,0,3
BRDA:13,5,0,1
BRDA:14,6,0,18
BRDA:17,7,0,14
BRDA:17,8,0,4
BRDA:19,9,0,2
BRDA:21,10,0,16
BRDA:22,11,0,5
BRDA:24,12,0,11
BRDA:25,13,0,4
BRDA:27,14,0,7
BRDA:28,15,0,4
BRDA:31,16,0,3
BRDA:29,17,0,14
BRDA:34,18,0,4
BRF:19
BRH:19
end_of_record
TN:
SF:formatters/stylish.js
FN:4,getIndent
FN:6,objectObject
FN:17,style
FN:18,iter
FNF:4
FNH:4
FNDA:26,getIndent
FNDA:24,objectObject
FNDA:1,style
FNDA:18,iter
DA:1,1
DA:2,1
DA:3,1
DA:4,1
DA:5,1
DA:6,1
DA:7,24
DA:8,1
DA:9,1
DA:10,24
DA:11,7
DA:12,7
DA:13,7
DA:14,16
DA:15,16
DA:16,1
DA:17,1
DA:18,1
DA:19,18
DA:20,18
DA:21,18
DA:22,18
DA:23,2
DA:24,2
DA:25,18
DA:26,5
DA:27,5
DA:28,18
DA:29,4
DA:30,4
DA:31,4
DA:32,4
DA:33,18
DA:34,4
DA:35,4
DA:36,4
DA:37,3
DA:38,1
DA:39,1
DA:40,1
DA:41,1
DA:42,1
DA:43,1
LF:43
LH:43
BRDA:4,0,0,26
BRDA:6,1,0,24
BRDA:7,2,0,1
BRDA:9,3,0,23
BRDA:10,4,0,7
BRDA:13,5,0,16
BRDA:11,6,0,9
BRDA:17,7,0,1
BRDA:18,8,0,18
BRDA:22,9,0,2
BRDA:24,10,0,16
BRDA:25,11,0,5
BRDA:27,12,0,11
BRDA:28,13,0,4
BRDA:32,14,0,7
BRDA:33,15,0,4
BRDA:36,16,0,3
BRDA:34,17,0,14
BRDA:39,18,0,4
BRF:19
BRH:19
end_of_record
